app/build/intermediates/manifest_merge_blame_file/debug/processDebugMainManifest/manifest-merger-blame-debug-report.txt
1<?xml version="1.0" encoding="utf-8"?>
2<!--
3    Copyright 2019 Google Inc. All Rights Reserved.
4
5     Licensed under the Apache License, Version 2.0 (the "License");
6     you may not use this file except in compliance with the License.
7     You may obtain a copy of the License at
8
9         http://www.apache.org/licenses/LICENSE-2.0
10
11     Unless required by applicable law or agreed to in writing, software
12     distributed under the License is distributed on an "AS IS" BASIS,
13     WITHOUT WARRANTIES OR CONDITIONS OF ANY KIND, either express or implied.
14     See the License for the specific language governing permissions and
15     limitations under the License.
16-->
17<!--
18 The "package" attribute is rewritten by the Gradle build with the value of applicationId.
19     It is still required here, as it is used to derive paths, for instance when referring
20     to an Activity by ".MyActivity" instead of the full name. If more Activities are added to the
21     application, the package attribute will need to reflect the correct path in order to use
22     the abbreviated format.
23-->
24<manifest xmlns:android="http://schemas.android.com/apk/res/android"
25    package="io.github.ddh14.twa"
26    android:versionCode="1"
27    android:versionName="1" >
28
29    <uses-sdk
30        android:minSdkVersion="21"
31        android:targetSdkVersion="35" />
32
33    <uses-permission android:name="android.permission.POST_NOTIFICATIONS" />
33-->src\main\AndroidManifest.xml:26:9-80
33-->src\main\AndroidManifest.xml:26:26-78
34
35    <queries>
35-->[com.google.androidbrowserhelper:androidbrowserhelper:2.6.2] AndroidManifest.xml:22:5-30:15
36        <intent>
36-->[com.google.androidbrowserhelper:androidbrowserhelper:2.6.2] AndroidManifest.xml:23:9-29:18
37            <action android:name="android.intent.action.VIEW" />
37-->src\main\AndroidManifest.xml:148:17-68
37-->src\main\AndroidManifest.xml:148:25-66
38
39            <category android:name="android.intent.category.BROWSABLE" />
39-->src\main\AndroidManifest.xml:150:17-77
39-->src\main\AndroidManifest.xml:150:27-75
40
41            <data android:scheme="https" />
41-->src\main\AndroidManifest.xml:151:17-156:19
41-->src\main\AndroidManifest.xml:151:23-45
42        </intent>
43    </queries>
44
45    <permission
45-->[androidx.core:core:1.13.0] AndroidManifest.xml:22:5-24:47
46        android:name="io.github.ddh14.twa.DYNAMIC_RECEIVER_NOT_EXPORTED_PERMISSION"
46-->[androidx.core:core:1.13.0] AndroidManifest.xml:23:9-81
47        android:protectionLevel="signature" />
47-->[androidx.core:core:1.13.0] AndroidManifest.xml:24:9-44
48
49    <uses-permission android:name="io.github.ddh14.twa.DYNAMIC_RECEIVER_NOT_EXPORTED_PERMISSION" />
49-->[androidx.core:core:1.13.0] AndroidManifest.xml:26:5-97
49-->[androidx.core:core:1.13.0] AndroidManifest.xml:26:22-94
50
51    <application
51-->src\main\AndroidManifest.xml:35:5-201:19
52        android:name="io.github.ddh14.twa.Application"
52-->src\main\AndroidManifest.xml:36:9-35
53        android:allowBackup="true"
53-->src\main\AndroidManifest.xml:37:9-35
54        android:appComponentFactory="androidx.core.app.CoreComponentFactory"
54-->[androidx.core:core:1.13.0] AndroidManifest.xml:28:18-86
55        android:debuggable="true"
56        android:extractNativeLibs="true"
57        android:icon="@mipmap/ic_launcher"
57-->src\main\AndroidManifest.xml:38:9-43
58        android:label="@string/appName"
58-->src\main\AndroidManifest.xml:39:9-40
59        android:manageSpaceActivity="com.google.androidbrowserhelper.trusted.ManageDataLauncherActivity"
59-->src\main\AndroidManifest.xml:41:9-105
60        android:supportsRtl="true"
60-->src\main\AndroidManifest.xml:43:9-35
61        android:theme="@android:style/Theme.Translucent.NoTitleBar" >
61-->src\main\AndroidManifest.xml:44:9-68
62        <meta-data
62-->src\main\AndroidManifest.xml:46:9-48:58
63            android:name="asset_statements"
63-->src\main\AndroidManifest.xml:47:13-44
64            android:resource="@string/assetStatements" />
64-->src\main\AndroidManifest.xml:48:13-55
65        <meta-data
65-->src\main\AndroidManifest.xml:51:13-53:58
66            android:name="web_manifest_url"
66-->src\main\AndroidManifest.xml:52:17-48
67            android:value="@string/webManifestUrl" />
67-->src\main\AndroidManifest.xml:53:17-55
68        <meta-data
68-->src\main\AndroidManifest.xml:56:9-58:52
69            android:name="twa_generator"
69-->src\main\AndroidManifest.xml:57:13-41
70            android:value="@string/generatorApp" />
70-->src\main\AndroidManifest.xml:58:13-49
71
72        <activity
72-->src\main\AndroidManifest.xml:65:13-76:24
73            android:name="com.google.androidbrowserhelper.trusted.ManageDataLauncherActivity"
73-->src\main\AndroidManifest.xml:65:23-104
74            android:enabled="true"
74-->src\main\AndroidManifest.xml:67:17-39
75            android:excludeFromRecents="true"
75-->src\main\AndroidManifest.xml:68:17-50
76            android:exported="false" >
76-->src\main\AndroidManifest.xml:66:17-41
77            <meta-data
77-->src\main\AndroidManifest.xml:69:17-71:57
78                android:name="android.support.customtabs.trusted.MANAGE_SPACE_URL"
78-->src\main\AndroidManifest.xml:70:21-87
79                android:value="@string/launchUrl" />
79-->src\main\AndroidManifest.xml:71:21-54
80
81            <intent-filter>
81-->src\main\AndroidManifest.xml:72:17-75:33
82                <action android:name="android.intent.action.APPLICATION_PREFERENCES" />
82-->src\main\AndroidManifest.xml:73:21-92
82-->src\main\AndroidManifest.xml:73:29-89
83
84                <category android:name="android.intent.category.DEFAULT" />
84-->src\main\AndroidManifest.xml:74:21-80
84-->src\main\AndroidManifest.xml:74:31-77
85            </intent-filter>
86        </activity>
87        <activity
87-->src\main\AndroidManifest.xml:79:9-162:20
88            android:name="io.github.ddh14.twa.LauncherActivity"
88-->src\main\AndroidManifest.xml:79:19-50
89            android:alwaysRetainTaskState="true"
89-->src\main\AndroidManifest.xml:80:13-49
90            android:exported="true"
90-->src\main\AndroidManifest.xml:82:13-36
91            android:label="@string/launcherName" >
91-->src\main\AndroidManifest.xml:81:13-49
92            <meta-data
92-->src\main\AndroidManifest.xml:83:13-84:53
93                android:name="android.support.customtabs.trusted.DEFAULT_URL"
93-->src\main\AndroidManifest.xml:83:24-85
94                android:value="@string/launchUrl" />
94-->src\main\AndroidManifest.xml:84:17-50
95            <meta-data
95-->src\main\AndroidManifest.xml:86:13-88:58
96                android:name="android.support.customtabs.trusted.STATUS_BAR_COLOR"
96-->src\main\AndroidManifest.xml:87:17-83
97                android:resource="@color/colorPrimary" />
97-->src\main\AndroidManifest.xml:88:17-55
98            <meta-data
98-->src\main\AndroidManifest.xml:92:13-94:62
99                android:name="android.support.customtabs.trusted.STATUS_BAR_COLOR_DARK"
99-->src\main\AndroidManifest.xml:93:17-88
100                android:resource="@color/colorPrimaryDark" />
100-->src\main\AndroidManifest.xml:94:17-59
101            <meta-data
101-->src\main\AndroidManifest.xml:96:13-98:61
102                android:name="android.support.customtabs.trusted.NAVIGATION_BAR_COLOR"
102-->src\main\AndroidManifest.xml:97:17-87
103                android:resource="@color/navigationColor" />
103-->src\main\AndroidManifest.xml:98:17-58
104            <meta-data
104-->src\main\AndroidManifest.xml:100:13-102:65
105                android:name="android.support.customtabs.trusted.NAVIGATION_BAR_COLOR_DARK"
105-->src\main\AndroidManifest.xml:101:17-92
106                android:resource="@color/navigationColorDark" />
106-->src\main\AndroidManifest.xml:102:17-62
107            <meta-data
107-->src\main\AndroidManifest.xml:104:13-106:68
108                android:name="androix.browser.trusted.NAVIGATION_BAR_DIVIDER_COLOR"
108-->src\main\AndroidManifest.xml:105:17-84
109                android:resource="@color/navigationDividerColor" />
109-->src\main\AndroidManifest.xml:106:17-65
110            <meta-data
110-->src\main\AndroidManifest.xml:108:13-110:72
111                android:name="androix.browser.trusted.NAVIGATION_BAR_DIVIDER_COLOR_DARK"
111-->src\main\AndroidManifest.xml:109:17-89
112                android:resource="@color/navigationDividerColorDark" />
112-->src\main\AndroidManifest.xml:110:17-69
113            <meta-data
113-->src\main\AndroidManifest.xml:112:13-113:54
114                android:name="android.support.customtabs.trusted.SPLASH_IMAGE_DRAWABLE"
114-->src\main\AndroidManifest.xml:112:24-95
115                android:resource="@drawable/splash" />
115-->src\main\AndroidManifest.xml:113:17-52
116            <meta-data
116-->src\main\AndroidManifest.xml:115:13-116:60
117                android:name="android.support.customtabs.trusted.SPLASH_SCREEN_BACKGROUND_COLOR"
117-->src\main\AndroidManifest.xml:115:24-104
118                android:resource="@color/backgroundColor" />
118-->src\main\AndroidManifest.xml:116:17-58
119            <meta-data
119-->src\main\AndroidManifest.xml:118:13-119:71
120                android:name="android.support.customtabs.trusted.SPLASH_SCREEN_FADE_OUT_DURATION"
120-->src\main\AndroidManifest.xml:118:24-105
121                android:value="@integer/splashScreenFadeOutDuration" />
121-->src\main\AndroidManifest.xml:119:17-69
122            <meta-data
122-->src\main\AndroidManifest.xml:121:13-122:60
123                android:name="android.support.customtabs.trusted.FILE_PROVIDER_AUTHORITY"
123-->src\main\AndroidManifest.xml:121:24-97
124                android:value="@string/providerAuthority" />
124-->src\main\AndroidManifest.xml:122:17-58
125            <meta-data
125-->src\main\AndroidManifest.xml:124:13-97
126                android:name="android.app.shortcuts"
126-->src\main\AndroidManifest.xml:124:24-60
127                android:resource="@xml/shortcuts" />
127-->src\main\AndroidManifest.xml:124:61-94
128            <meta-data
128-->src\main\AndroidManifest.xml:126:13-127:56
129                android:name="android.support.customtabs.trusted.FALLBACK_STRATEGY"
129-->src\main\AndroidManifest.xml:126:24-91
130                android:value="@string/fallbackType" />
130-->src\main\AndroidManifest.xml:127:17-53
131            <meta-data
131-->src\main\AndroidManifest.xml:133:13-134:54
132                android:name="android.support.customtabs.trusted.SCREEN_ORIENTATION"
132-->src\main\AndroidManifest.xml:133:24-92
133                android:value="@string/orientation" />
133-->src\main\AndroidManifest.xml:134:17-52
134
135            <intent-filter>
135-->src\main\AndroidManifest.xml:142:13-145:29
136                <action android:name="android.intent.action.MAIN" />
136-->src\main\AndroidManifest.xml:143:17-69
136-->src\main\AndroidManifest.xml:143:25-66
137
138                <category android:name="android.intent.category.LAUNCHER" />
138-->src\main\AndroidManifest.xml:144:17-77
138-->src\main\AndroidManifest.xml:144:27-74
139            </intent-filter>
140            <intent-filter android:autoVerify="true" >
140-->src\main\AndroidManifest.xml:147:13-157:29
140-->src\main\AndroidManifest.xml:147:28-53
141                <action android:name="android.intent.action.VIEW" />
141-->src\main\AndroidManifest.xml:148:17-68
141-->src\main\AndroidManifest.xml:148:25-66
142
143                <category android:name="android.intent.category.DEFAULT" />
143-->src\main\AndroidManifest.xml:74:21-80
143-->src\main\AndroidManifest.xml:74:31-77
144                <category android:name="android.intent.category.BROWSABLE" />
144-->src\main\AndroidManifest.xml:150:17-77
144-->src\main\AndroidManifest.xml:150:27-75
145
146                <data
146-->src\main\AndroidManifest.xml:151:17-156:19
147                    android:host="@string/hostName"
147-->src\main\AndroidManifest.xml:152:21-52
148                    android:pathPrefix="/App_for_dyslexia_children/"
148-->src\main\AndroidManifest.xml:154:21-69
149                    android:scheme="https" />
149-->src\main\AndroidManifest.xml:151:23-45
150            </intent-filter>
151        </activity>
152        <activity android:name="com.google.androidbrowserhelper.trusted.FocusActivity" />
152-->src\main\AndroidManifest.xml:164:9-90
152-->src\main\AndroidManifest.xml:164:19-87
153        <activity
153-->src\main\AndroidManifest.xml:166:9-167:62
154            android:name="com.google.androidbrowserhelper.trusted.WebViewFallbackActivity"
154-->src\main\AndroidManifest.xml:166:19-97
155            android:configChanges="orientation|screenSize" />
155-->src\main\AndroidManifest.xml:167:13-59
156
157        <provider
157-->src\main\AndroidManifest.xml:169:9-177:20
158            android:name="androidx.core.content.FileProvider"
158-->src\main\AndroidManifest.xml:170:13-62
159            android:authorities="@string/providerAuthority"
159-->src\main\AndroidManifest.xml:171:13-60
160            android:exported="false"
160-->src\main\AndroidManifest.xml:173:13-37
161            android:grantUriPermissions="true" >
161-->src\main\AndroidManifest.xml:172:13-47
162            <meta-data
162-->src\main\AndroidManifest.xml:174:13-176:53
163                android:name="android.support.FILE_PROVIDER_PATHS"
163-->src\main\AndroidManifest.xml:175:17-67
164                android:resource="@xml/filepaths" />
164-->src\main\AndroidManifest.xml:176:17-50
165        </provider>
166
167        <service
167-->src\main\AndroidManifest.xml:179:9-194:19
168            android:name="io.github.ddh14.twa.DelegationService"
168-->src\main\AndroidManifest.xml:180:13-46
169            android:enabled="@bool/enableNotification"
169-->src\main\AndroidManifest.xml:181:13-55
170            android:exported="@bool/enableNotification" >
170-->src\main\AndroidManifest.xml:182:13-56
171            <meta-data
171-->src\main\AndroidManifest.xml:185:17-187:73
172                android:name="android.support.customtabs.trusted.SMALL_ICON"
172-->src\main\AndroidManifest.xml:186:21-81
173                android:resource="@drawable/ic_notification_icon" />
173-->src\main\AndroidManifest.xml:187:21-70
174
175            <intent-filter>
175-->src\main\AndroidManifest.xml:190:13-193:29
176                <action android:name="android.support.customtabs.trusted.TRUSTED_WEB_ACTIVITY_SERVICE" />
176-->src\main\AndroidManifest.xml:191:17-105
176-->src\main\AndroidManifest.xml:191:25-103
177
178                <category android:name="android.intent.category.DEFAULT" />
178-->src\main\AndroidManifest.xml:74:21-80
178-->src\main\AndroidManifest.xml:74:31-77
179            </intent-filter>
180        </service>
181
182        <activity android:name="com.google.androidbrowserhelper.trusted.NotificationPermissionRequestActivity" />
182-->src\main\AndroidManifest.xml:197:13-118
182-->src\main\AndroidManifest.xml:197:23-115
183
184        <provider
184-->[androidx.emoji2:emoji2:1.3.0] AndroidManifest.xml:24:9-32:20
185            android:name="androidx.startup.InitializationProvider"
185-->[androidx.emoji2:emoji2:1.3.0] AndroidManifest.xml:25:13-67
186            android:authorities="io.github.ddh14.twa.androidx-startup"
186-->[androidx.emoji2:emoji2:1.3.0] AndroidManifest.xml:26:13-68
187            android:exported="false" >
187-->[androidx.emoji2:emoji2:1.3.0] AndroidManifest.xml:27:13-37
188            <meta-data
188-->[androidx.emoji2:emoji2:1.3.0] AndroidManifest.xml:29:13-31:52
189                android:name="androidx.emoji2.text.EmojiCompatInitializer"
189-->[androidx.emoji2:emoji2:1.3.0] AndroidManifest.xml:30:17-75
190                android:value="androidx.startup" />
190-->[androidx.emoji2:emoji2:1.3.0] AndroidManifest.xml:31:17-49
191            <meta-data
191-->[androidx.lifecycle:lifecycle-process:2.6.2] AndroidManifest.xml:29:13-31:52
192                android:name="androidx.lifecycle.ProcessLifecycleInitializer"
192-->[androidx.lifecycle:lifecycle-process:2.6.2] AndroidManifest.xml:30:17-78
193                android:value="androidx.startup" />
193-->[androidx.lifecycle:lifecycle-process:2.6.2] AndroidManifest.xml:31:17-49
194            <meta-data
194-->[androidx.profileinstaller:profileinstaller:1.3.1] AndroidManifest.xml:29:13-31:52
195                android:name="androidx.profileinstaller.ProfileInstallerInitializer"
195-->[androidx.profileinstaller:profileinstaller:1.3.1] AndroidManifest.xml:30:17-85
196                android:value="androidx.startup" />
196-->[androidx.profileinstaller:profileinstaller:1.3.1] AndroidManifest.xml:31:17-49
197        </provider>
198
199        <receiver
199-->[androidx.profileinstaller:profileinstaller:1.3.1] AndroidManifest.xml:34:9-52:20
200            android:name="androidx.profileinstaller.ProfileInstallReceiver"
200-->[androidx.profileinstaller:profileinstaller:1.3.1] AndroidManifest.xml:35:13-76
201            android:directBootAware="false"
201-->[androidx.profileinstaller:profileinstaller:1.3.1] AndroidManifest.xml:36:13-44
202            android:enabled="true"
202-->[androidx.profileinstaller:profileinstaller:1.3.1] AndroidManifest.xml:37:13-35
203            android:exported="true"
203-->[androidx.profileinstaller:profileinstaller:1.3.1] AndroidManifest.xml:38:13-36
204            android:permission="android.permission.DUMP" >
204-->[androidx.profileinstaller:profileinstaller:1.3.1] AndroidManifest.xml:39:13-57
205            <intent-filter>
205-->[androidx.profileinstaller:profileinstaller:1.3.1] AndroidManifest.xml:40:13-42:29
206                <action android:name="androidx.profileinstaller.action.INSTALL_PROFILE" />
206-->[androidx.profileinstaller:profileinstaller:1.3.1] AndroidManifest.xml:41:17-91
206-->[androidx.profileinstaller:profileinstaller:1.3.1] AndroidManifest.xml:41:25-88
207            </intent-filter>
208            <intent-filter>
208-->[androidx.profileinstaller:profileinstaller:1.3.1] AndroidManifest.xml:43:13-45:29
209                <action android:name="androidx.profileinstaller.action.SKIP_FILE" />
209-->[androidx.profileinstaller:profileinstaller:1.3.1] AndroidManifest.xml:44:17-85
209-->[androidx.profileinstaller:profileinstaller:1.3.1] AndroidManifest.xml:44:25-82
210            </intent-filter>
211            <intent-filter>
211-->[androidx.profileinstaller:profileinstaller:1.3.1] AndroidManifest.xml:46:13-48:29
212                <action android:name="androidx.profileinstaller.action.SAVE_PROFILE" />
212-->[androidx.profileinstaller:profileinstaller:1.3.1] AndroidManifest.xml:47:17-88
212-->[androidx.profileinstaller:profileinstaller:1.3.1] AndroidManifest.xml:47:25-85
213            </intent-filter>
214            <intent-filter>
214-->[androidx.profileinstaller:profileinstaller:1.3.1] AndroidManifest.xml:49:13-51:29
215                <action android:name="androidx.profileinstaller.action.BENCHMARK_OPERATION" />
215-->[androidx.profileinstaller:profileinstaller:1.3.1] AndroidManifest.xml:50:17-95
215-->[androidx.profileinstaller:profileinstaller:1.3.1] AndroidManifest.xml:50:25-92
216            </intent-filter>
217        </receiver>
218    </application>
219
220</manifest>